#
# There is insufficient memory for the Java Runtime Environment to continue.
# Native memory allocation (mmap) failed to map 199229440 bytes for Failed to commit area from 0x0000000742600000 to 0x000000074e400000 of length 199229440.
# Possible reasons:
#   The system is out of physical RAM or swap space
#   The process is running with CompressedOops enabled, and the Java Heap may be blocking the growth of the native heap
# Possible solutions:
#   Reduce memory load on the system
#   Increase physical memory or swap space
#   Check if swap backing store is full
#   Decrease Java heap size (-Xmx/-Xms)
#   Decrease number of Java threads
#   Decrease Java thread stack sizes (-Xss)
#   Set larger code cache with -XX:ReservedCodeCacheSize=
# This output file may be truncated or incomplete.
#
#  Out of Memory Error (./src/hotspot/os/windows/os_windows.cpp:3303), pid=20004, tid=17500
#
# JRE version:  (11.0.9.1+11) (build )
# Java VM: OpenJDK 64-Bit Server VM (11.0.9.1+11-b1145.77, mixed mode, sharing, tiered, compressed oops, g1 gc, windows-amd64)
# No core dump will be written. Minidumps are not enabled by default on client versions of Windows
#

---------------  S U M M A R Y ------------

Command Line: org.jetbrains.git4idea.http.GitAskPassApp Username for 'https://github.com': 

Host: Intel(R) Core(TM) i5-9300H CPU @ 2.40GHz, 8 cores, 11G,  Windows 10 , 64 bit Build 18362 (10.0.18362.1350)
Time: Sat Apr 17 18:23:33 2021 W. Central Africa Standard Time elapsed time: 0.011158 seconds (0d 0h 0m 0s)

---------------  T H R E A D  ---------------

Current thread (0x000002341857e000):  JavaThread "Unknown thread" [_thread_in_vm, id=17500, stack(0x000000859a200000,0x000000859a300000)]

Stack: [0x000000859a200000,0x000000859a300000]
Native frames: (J=compiled Java code, j=interpreted, Vv=VM code, C=native code)
V  [jvm.dll+0x5edd9a]
V  [jvm.dll+0x7229c5]
V  [jvm.dll+0x723f1d]
V  [jvm.dll+0x7245d3]
V  [jvm.dll+0x2431b8]
V  [jvm.dll+0x5eb234]
V  [jvm.dll+0x5e0325]
V  [jvm.dll+0x2fe60b]
V  [jvm.dll+0x2fe57a]
V  [jvm.dll+0x2fe452]
V  [jvm.dll+0x303346]
V  [jvm.dll+0x34ba83]
V  [jvm.dll+0x34c186]
V  [jvm.dll+0x34bb83]
V  [jvm.dll+0x2d9218]
V  [jvm.dll+0x2da3c7]
V  [jvm.dll+0x701a67]
V  [jvm.dll+0x70325c]
V  [jvm.dll+0x359049]
V  [jvm.dll+0x6e552e]
V  [jvm.dll+0x3c1353]
V  [jvm.dll+0x3c3571]
C  [jli.dll+0x5373]
C  [ucrtbase.dll+0x210b2]
C  [KERNEL32.DLL+0x17c24]
C  [ntdll.dll+0x6d721]


---------------  P R O C E S S  ---------------

Threads class SMR info:
_java_thread_list=0x00000234184a8670, length=0, elements={
}

Java Threads: ( => current thread )

Other Threads:
  0x0000023418667800 GCTaskThread "GC Thread#0" [stack: 0x000000859a300000,0x000000859a400000] [id=19544]
  0x00000234186af800 ConcurrentGCThread "G1 Main Marker" [stack: 0x000000859a400000,0x000000859a500000] [id=21992]
  0x00000234186b1000 ConcurrentGCThread "G1 Conc#0" [stack: 0x000000859a500000,0x000000859a600000] [id=9064]

[error occurred during error reporting (printing all threads), id 0xc0000005, EXCEPTION_ACCESS_VIOLATION (0xc0000005) at pc=0x00007ffa76b99807]

VM state:not at safepoint (not fully initialized)

VM Mutex/Monitor currently owned by a thread:  ([mutex/lock_event])
[0x000002341857a920] Heap_lock - owner thread: 0x000002341857e000

Heap address: 0x0000000742600000, size: 3034 MB, Compressed Oops mode: Non-zero based: 0x0000000742600000
Narrow klass base: 0x0000000000000000, Narrow klass shift: 0

GC Heap History (0 events):
No events

Deoptimization events (0 events):
No events

Classes redefined (0 events):
No events

Internal exceptions (0 events):
No events

Events (1 events):
Event: 0.006 Loaded shared library C:\Program Files\JetBrains\IntelliJ IDEA 2020.3.2\jbr\bin\zip.dll


Dynamic libraries:
0x00007ff6eab70000 - 0x00007ff6eab7a000 	C:\Program Files\JetBrains\IntelliJ IDEA 2020.3.2\jbr\bin\java.exe
0x00007ffab3940000 - 0x00007ffab3b30000 	C:\WINDOWS\SYSTEM32\ntdll.dll
0x00007ffab2760000 - 0x00007ffab2812000 	C:\WINDOWS\System32\KERNEL32.DLL
0x00007ffab0c90000 - 0x00007ffab0f35000 	C:\WINDOWS\System32\KERNELBASE.dll
0x00007ffab0b90000 - 0x00007ffab0c8a000 	C:\WINDOWS\System32\ucrtbase.dll
0x00007ffaa8f30000 - 0x00007ffaa8f47000 	C:\Program Files\JetBrains\IntelliJ IDEA 2020.3.2\jbr\bin\VCRUNTIME140.dll
0x00007ffaa8780000 - 0x00007ffaa8799000 	C:\Program Files\JetBrains\IntelliJ IDEA 2020.3.2\jbr\bin\jli.dll
0x00007ffab19f0000 - 0x00007ffab1b84000 	C:\WINDOWS\System32\USER32.dll
0x00007ffab1970000 - 0x00007ffab1991000 	C:\WINDOWS\System32\win32u.dll
0x00007ffa96910000 - 0x00007ffa96b94000 	C:\WINDOWS\WinSxS\amd64_microsoft.windows.common-controls_6595b64144ccf1df_6.0.18362.1440_none_9e7dbfb9e45e8e67\COMCTL32.dll
0x00007ffab2d20000 - 0x00007ffab2d46000 	C:\WINDOWS\System32\GDI32.dll
0x00007ffab2c80000 - 0x00007ffab2d1e000 	C:\WINDOWS\System32\msvcrt.dll
0x00007ffab17d0000 - 0x00007ffab1968000 	C:\WINDOWS\System32\gdi32full.dll
0x00007ffab2d50000 - 0x00007ffab3086000 	C:\WINDOWS\System32\combase.dll
0x00007ffab08b0000 - 0x00007ffab094e000 	C:\WINDOWS\System32\msvcp_win.dll
0x00007ffab34e0000 - 0x00007ffab35ff000 	C:\WINDOWS\System32\RPCRT4.dll
0x00007ffab16c0000 - 0x00007ffab1741000 	C:\WINDOWS\System32\bcryptPrimitives.dll
0x00007ffab2a00000 - 0x00007ffab2a2e000 	C:\WINDOWS\System32\IMM32.DLL
0x00007ffa99f60000 - 0x00007ffa99ffd000 	C:\Program Files\JetBrains\IntelliJ IDEA 2020.3.2\jbr\bin\msvcp140.dll
0x00007ffa768b0000 - 0x00007ffa7737e000 	C:\Program Files\JetBrains\IntelliJ IDEA 2020.3.2\jbr\bin\server\jvm.dll
0x00007ffab2ab0000 - 0x00007ffab2b53000 	C:\WINDOWS\System32\ADVAPI32.dll
0x00007ffab2b60000 - 0x00007ffab2bf7000 	C:\WINDOWS\System32\sechost.dll
0x00007ffab1b90000 - 0x00007ffab1b98000 	C:\WINDOWS\System32\PSAPI.DLL
0x00007ffa9ae80000 - 0x00007ffa9ae89000 	C:\WINDOWS\SYSTEM32\WSOCK32.dll
0x00007ffaae2e0000 - 0x00007ffaae304000 	C:\WINDOWS\SYSTEM32\WINMM.dll
0x00007ffaa8c40000 - 0x00007ffaa8c4a000 	C:\WINDOWS\SYSTEM32\VERSION.dll
0x00007ffab2a40000 - 0x00007ffab2aaf000 	C:\WINDOWS\System32\WS2_32.dll
0x00007ffaae0d0000 - 0x00007ffaae0fd000 	C:\WINDOWS\SYSTEM32\winmmbase.dll
0x00007ffab19a0000 - 0x00007ffab19ea000 	C:\WINDOWS\System32\cfgmgr32.dll
0x00007ffab0840000 - 0x00007ffab0851000 	C:\WINDOWS\System32\kernel.appcore.dll
0x00007ffa96810000 - 0x00007ffa96821000 	C:\Program Files\JetBrains\IntelliJ IDEA 2020.3.2\jbr\bin\verify.dll
0x00007ffaa9690000 - 0x00007ffaa9884000 	C:\WINDOWS\SYSTEM32\DBGHELP.DLL
0x00007ffa96150000 - 0x00007ffa9617a000 	C:\WINDOWS\SYSTEM32\dbgcore.DLL
0x00007ffa8ed60000 - 0x00007ffa8ed89000 	C:\Program Files\JetBrains\IntelliJ IDEA 2020.3.2\jbr\bin\java.dll
0x00007ffa9ae70000 - 0x00007ffa9ae7b000 	C:\Program Files\JetBrains\IntelliJ IDEA 2020.3.2\jbr\bin\jimage.dll
0x00007ffa96180000 - 0x00007ffa96198000 	C:\Program Files\JetBrains\IntelliJ IDEA 2020.3.2\jbr\bin\zip.dll

dbghelp: loaded successfully - version: 4.0.5 - missing functions: none
symbol engine: initialized successfully - sym options: 0x614 - pdb path: .;C:\Program Files\JetBrains\IntelliJ IDEA 2020.3.2\jbr\bin;C:\WINDOWS\SYSTEM32;C:\WINDOWS\WinSxS\amd64_microsoft.windows.common-controls_6595b64144ccf1df_6.0.18362.1440_none_9e7dbfb9e45e8e67;C:\Program Files\JetBrains\IntelliJ IDEA 2020.3.2\jbr\bin\server

VM Arguments:
java_command: org.jetbrains.git4idea.http.GitAskPassApp Username for 'https://github.com': 
java_class_path (initial): C:/Program Files/JetBrains/IntelliJ IDEA 2020.3.2/plugins/git4idea/lib/git4idea-rt.jar;C:/Program Files/JetBrains/IntelliJ IDEA 2020.3.2/lib/xmlrpc-2.0.1.jar;C:/Program Files/JetBrains/IntelliJ IDEA 2020.3.2/lib/commons-codec-1.14.jar
Launcher Type: SUN_STANDARD

[Global flags]
     intx CICompilerCount                          = 4                                         {product} {ergonomic}
     uint ConcGCThreads                            = 2                                         {product} {ergonomic}
     uint G1ConcRefinementThreads                  = 8                                         {product} {ergonomic}
   size_t G1HeapRegionSize                         = 1048576                                   {product} {ergonomic}
    uintx GCDrainStackTargetSize                   = 64                                        {product} {ergonomic}
   size_t InitialHeapSize                          = 199229440                                 {product} {ergonomic}
   size_t MarkStackSize                            = 4194304                                   {product} {ergonomic}
   size_t MaxHeapSize                              = 3181379584                                {product} {ergonomic}
   size_t MinHeapDeltaBytes                        = 1048576                                   {product} {ergonomic}
    uintx NonNMethodCodeHeapSize                   = 5836300                                {pd product} {ergonomic}
    uintx NonProfiledCodeHeapSize                  = 122910970                              {pd product} {ergonomic}
    uintx ProfiledCodeHeapSize                     = 122910970                              {pd product} {ergonomic}
    uintx ReservedCodeCacheSize                    = 251658240                              {pd product} {ergonomic}
     bool SegmentedCodeCache                       = true                                      {product} {ergonomic}
     bool UseCompressedClassPointers               = true                                 {lp64_product} {ergonomic}
     bool UseCompressedOops                        = true                                 {lp64_product} {ergonomic}
     bool UseG1GC                                  = true                                      {product} {ergonomic}
     bool UseLargePagesIndividualAllocation        = false                                  {pd product} {ergonomic}

Logging:
Log output configuration:
 #0: stdout all=warning uptime,level,tags
 #1: stderr all=off uptime,level,tags

Environment Variables:
PATH=C:\Program Files\Git\mingw64\libexec\git-core;C:\Program Files\Git\mingw64\libexec\git-core;C:\Program Files\Git\mingw64\bin;C:\Program Files\Git\usr\bin;C:\Users\NBH\bin;C:\oraclexe\app\oracle\product\10.2.0\server\bin;C:\Program Files (x86)\Common Files\Oracle\Java\javapath;C:\Python39\Scripts;C:\Python39;C:\oraclexe\app\oracle\product\11.2.0\server\bin;C:\WINDOWS\system32;C:\WINDOWS;C:\WINDOWS\System32\Wbem;C:\WINDOWS\System32\WindowsPowerShell\v1.0;C:\WINDOWS\System32\OpenSSH;C:\Program Files\nodejs;C:\ProgramData\chocolatey\bin;C:\Program Files\Git\cmd;C:\Program Files\Java\jdk1.8.0_281\bin;C:\Program Files (x86)\Tesseract-OCR\tesseract.exe;C:\Program Files\Tesseract-OCR;C:\Users\NBH\AppData\Local\Microsoft\WindowsApps;C:\Users\NBH\AppData\Roaming\npm;C:\Program Files\JetBrains\IntelliJ IDEA 2020.3.2\bin;C:\Flex Windows\gcc\bin;C:\Flex Windows\Lex\bin;C:\Flex Windows\bison\bin
USERNAME=NBH
DISPLAY=:0.0
LC_ALL=en_US.UTF-8
OS=Windows_NT
PROCESSOR_IDENTIFIER=Intel64 Family 6 Model 158 Stepping 10, GenuineIntel



---------------  S Y S T E M  ---------------

OS: Windows 10 , 64 bit Build 18362 (10.0.18362.1350)
OS uptime: 8 days 8:47 hours

CPU:total 8 (initial active 8) (4 cores per cpu, 2 threads per core) family 6 model 158 stepping 10, cmov, cx8, fxsr, mmx, sse, sse2, sse3, ssse3, sse4.1, sse4.2, popcnt, avx, avx2, aes, clmul, erms, 3dnowpref, lzcnt, ht, tsc, tscinvbit, bmi1, bmi2, adx, fma

Memory: 4k page, system-wide physical 12129M (326M free)
TotalPageFile size 39346M (AvailPageFile size 151M)
current process WorkingSet (physical memory assigned to process): 10M, peak: 10M
current process commit charge ("private bytes"): 60M, peak: 250M

vm_info: OpenJDK 64-Bit Server VM (11.0.9.1+11-b1145.77) for windows-amd64 JRE (11.0.9.1+11-b1145.77), built on Jan 16 2021 05:14:13 by "" with MS VC++ 14.0 (VS2015)

END.
